<?xml version="1.0" encoding="UTF-8"?>
<!-- Generated by org.testng.reporters.JUnitReportReporter -->
<testsuite skipped="0" hostname="DESKTOP-G0D562V" name="TestNg1" tests="1" failures="0" timestamp="18 Feb 2020 02:52:44 GMT" time="0.017" errors="0">
  <testcase name="metho1" time="0.017" classname="TestNg1"/>
</testsuite> <!-- TestNg1 -->
